<?xml version="1.0" encoding="UTF-8"?>
<!-- Generated by org.testng.reporters.JUnitReportReporter -->
<testsuite hostname="DESKTOP-KLTOH9I" failures="0" tests="1" name="com.testscenarios.WebTable" time="4.425" errors="0" timestamp="2021-08-19T08:50:12 IST" skipped="0">
  <testcase classname="com.testscenarios.WebTable" name="f" time="4.425"/>
  <system-out/>
</testsuite> <!-- com.testscenarios.WebTable -->
