<?xml version="1.0" encoding="UTF-8"?>
<!-- Generated by org.testng.reporters.JUnitReportReporter -->
<testsuite hostname="DESKTOP-KLTOH9I" failures="0" tests="1" name="com.testscenarios.Zonal_Test" time="23.848" errors="0" timestamp="2021-08-13T15:00:31 IST" skipped="0">
  <testcase classname="com.testscenarios.Zonal_Test" name="zonal" time="23.848"/>
  <system-out/>
</testsuite> <!-- com.testscenarios.Zonal_Test -->
