<?xml version="1.0" encoding="UTF-8"?>
<!-- Generated by org.testng.reporters.JUnitReportReporter -->
<testsuite hostname="DESKTOP-KLTOH9I" failures="0" tests="1" name="com.testscenarios.Facebook_Login" time="14.278" errors="0" timestamp="2021-08-04T16:21:51 IST" skipped="0">
  <testcase classname="com.testscenarios.Facebook_Login" name="fb" time="14.278"/>
  <system-out/>
</testsuite> <!-- com.testscenarios.Facebook_Login -->
