<?xml version="1.0" encoding="UTF-8"?>
<!-- Generated by org.testng.reporters.JUnitReportReporter -->
<testsuite hostname="DESKTOP-KLTOH9I" failures="0" tests="1" name="com.testscenarios.TTD_Login" time="17.277" errors="0" timestamp="2021-08-03T22:40:42 IST" skipped="0">
  <testcase classname="com.testscenarios.TTD_Login" name="ttdlogin" time="17.277"/>
  <system-out/>
</testsuite> <!-- com.testscenarios.TTD_Login -->
